Arguments: 
  /home/nozomi/.asdf/installs/nodejs/14.18.1/bin/node /home/nozomi/.asdf/installs/nodejs/14.18.1/.npm/bin/yarn add -D @types/axios @types/react-hook-form

PATH: 
  /home/nozomi/.asdf/installs/nodejs/14.18.1/.npm/bin:/home/nozomi/.asdf/installs/nodejs/14.18.1/bin:/home/nozomi/google-cloud-sdk/bin:/home/nozomi/.asdf/shims:/home/nozomi/.asdf/bin:/home/nozomi/.asdf/installs/nodejs/14.16.1/.npm/bin:/home/nozomi/bin:/home/nozomi/command:/home/nozomi/app_images:/home/nozomi/google-cloud-sdk/bin:/home/nozomi/.asdf/installs/nodejs/14.16.1/.npm/bin:/home/nozomi/bin:/home/nozomi/command:/home/nozomi/app_images:/home/nozomi/google-cloud-sdk/bin:/home/nozomi/.asdf/installs/nodejs/14.16.1/.npm/bin:/home/nozomi/bin:/home/nozomi/command:/home/nozomi/app_images:/home/nozomi/ghq/github.com/nozomi-iida/slack_react_ruby/client/node_modules/.bin:/home/nozomi/.cargo/bin:/home/nozomi/bin:/usr/local/sbin:/usr/local/bin:/usr/sbin:/usr/bin:/sbin:/bin:/usr/games:/usr/local/games:/snap/bin

Yarn version: 
  1.22.15

Node version: 
  14.18.1

Platform: 
  linux x64

Trace: 
  Error: https://registry.yarnpkg.com/@types%2freact-hook-form: Not found
      at Request.params.callback [as _callback] (/home/nozomi/.asdf/installs/nodejs/14.18.1/.npm/lib/node_modules/yarn/lib/cli.js:66140:18)
      at Request.self.callback (/home/nozomi/.asdf/installs/nodejs/14.18.1/.npm/lib/node_modules/yarn/lib/cli.js:140885:22)
      at Request.emit (events.js:400:28)
      at Request.<anonymous> (/home/nozomi/.asdf/installs/nodejs/14.18.1/.npm/lib/node_modules/yarn/lib/cli.js:141857:10)
      at Request.emit (events.js:400:28)
      at IncomingMessage.<anonymous> (/home/nozomi/.asdf/installs/nodejs/14.18.1/.npm/lib/node_modules/yarn/lib/cli.js:141779:12)
      at Object.onceWrapper (events.js:519:28)
      at IncomingMessage.emit (events.js:412:35)
      at endReadableNT (internal/streams/readable.js:1334:12)
      at processTicksAndRejections (internal/process/task_queues.js:82:21)

npm manifest: 
  {
    "name": "slack_react_ruby",
    "version": "1.0.0",
    "main": "index.js",
    "repository": "https://github.com/nozomi-iida/slack_react_ruby.git",
    "author": "nozomi-iida <iida19990106@gmail.com>",
    "license": "MIT",
    "scripts": {
      "start": "docker-compose up -d && cd client && yarn start",
      "up": "docker-compose up",
      "down": "docker-compose down",
      "build": "docker-compose build"
    },
    "dependencies": {
      "axios": "^0.23.0",
      "react-hook-form": "^7.17.5"
    }
  }

yarn manifest: 
  No manifest

Lockfile: 
  # THIS IS AN AUTOGENERATED FILE. DO NOT EDIT THIS FILE DIRECTLY.
  # yarn lockfile v1
  
  
  axios@^0.23.0:
    version "0.23.0"
    resolved "https://registry.yarnpkg.com/axios/-/axios-0.23.0.tgz#b0fa5d0948a8d1d75e3d5635238b6c4625b05149"
    integrity sha512-NmvAE4i0YAv5cKq8zlDoPd1VLKAqX5oLuZKs8xkJa4qi6RGn0uhCYFjWtHHC9EM/MwOwYWOs53W+V0aqEXq1sg==
    dependencies:
      follow-redirects "^1.14.4"
  
  follow-redirects@^1.14.4:
    version "1.14.4"
    resolved "https://registry.yarnpkg.com/follow-redirects/-/follow-redirects-1.14.4.tgz#838fdf48a8bbdd79e52ee51fb1c94e3ed98b9379"
    integrity sha512-zwGkiSXC1MUJG/qmeIFH2HBJx9u0V46QGUe3YR1fXG8bXQxq7fLj0RjLZQ5nubr9qNJUZrH+xUcwXEoXNpfS+g==
  
  react-hook-form@^7.17.5:
    version "7.17.5"
    resolved "https://registry.yarnpkg.com/react-hook-form/-/react-hook-form-7.17.5.tgz#3852f294159378d0b5893c9fcc89e313937c6f89"
    integrity sha512-4bPtPGkpVhZlgtTbtMGi0RFphKHgxCj5u3AsGz3SBdleELlG1pDf9zRQOtfGlOGkZlc7u78RzD0xu9kOw7PYdQ==
